<?xml version="1.0" encoding="UTF-8"?>
<testng-results ignored="0" total="1" passed="1" failed="0" skipped="0">
  <reporter-output>
  </reporter-output>
  <suite started-at="2026-03-12T02:00:44 IST" name="Default suite" finished-at="2026-03-12T02:00:56 IST" duration-ms="11336">
    <groups>
    </groups>
    <test started-at="2026-03-12T02:00:44 IST" name="Default test" finished-at="2026-03-12T02:00:56 IST" duration-ms="11336">
      <class name="Practice.SVG">
        <test-method signature="svgtest()[pri:0, instance:Practice.SVG@7c7a06ec]" started-at="2026-03-12T02:00:44 IST" name="svgtest" finished-at="2026-03-12T02:00:56 IST" duration-ms="11293" status="PASS">
          <reporter-output>
          </reporter-output>
        </test-method> <!-- svgtest -->
      </class> <!-- Practice.SVG -->
    </test> <!-- Default test -->
  </suite> <!-- Default suite -->
</testng-results>
