<?xml version="1.0" encoding="UTF-8"?>
<!-- Generated by org.testng.reporters.JUnitReportReporter -->
<testsuite hostname="LAPTOP-GFUJCBAV" failures="0" tests="3" name="Practice.ScrollPractice" time="23.746" errors="0" timestamp="2026-03-09T01:49:11 IST" skipped="0">
  <testcase classname="Practice.ScrollPractice" name="ScrollPage" time="8.215"/>
  <testcase classname="Practice.ScrollPractice" name="ScrollElement" time="9.847"/>
  <testcase classname="Practice.ScrollPractice" name="ScrollBottom" time="5.684"/>
</testsuite> <!-- Practice.ScrollPractice -->
