<?xml version="1.0" encoding="UTF-8"?>
<!-- Generated by org.testng.reporters.JUnitReportReporter -->
<testsuite hostname="LAPTOP-GFUJCBAV" failures="0" tests="3" name="Practice.AlertPractice" time="23.584" errors="0" timestamp="2026-03-09T02:33:57 IST" skipped="0">
  <testcase classname="Practice.AlertPractice" name="NormalAlert" time="9.848"/>
  <testcase classname="Practice.AlertPractice" name="AcceptOrDismissAlert" time="9.474"/>
  <testcase classname="Practice.AlertPractice" name="PromptAlert" time="4.262"/>
</testsuite> <!-- Practice.AlertPractice -->
